<?xml version="1.0" encoding="UTF-8" ?>
<testsuite tests="10" failures="4" name="TestSuite" time="78.135" errors="0" skipped="0">
  <properties>
[...]
</properties>
  <testcase classname="com.sbs.qa.testcases.HomePageTest" name="homePageTitleTest" time="0.24">
    <failure message="Title not correct expected [Spencer Prook Strings] but found [Spencer Brook Strings]" type="java.lang.AssertionError">java.lang.AssertionError: Title not correct expected [Spencer Prook Strings] but found [Spencer Brook Strings]
	at org.testng.Assert.fail(Assert.java:94)
	at org.testng.Assert.failNotEquals(Assert.java:513)
	at org.testng.Assert.assertEqualsImpl(Assert.java:135)
	at org.testng.Assert.assertEquals(Assert.java:116)
	at org.testng.Assert.assertEquals(Assert.java:190)
	at com.sbs.qa.testcases.HomePageTest.homePageTitleTest(HomePageTest.java:30)
</failure>
    <system-out>Configuring TestNG with: org.apache.maven.surefire.testng.conf.TestNG652Configurator@2e5c649
Before navigating to: &apos;https://www.spencerbrookstrings.com/&apos;
Navigated to:&apos;https://www.spencerbrookstrings.com/&apos;
</system-out>
    <system-err>Starting ChromeDriver 2.33.506120 (e3e53437346286c0bc2d2dc9aa4915ba81d9023f) on port 25345
Only local connections are allowed.
log4j:WARN No appenders could be found for logger (org.apache.http.client.protocol.RequestAddCookies).
log4j:WARN Please initialize the log4j system properly.
log4j:WARN See http://logging.apache.org/log4j/1.2/faq.html#noconfig for more info.
Feb 12, 2018 10:59:51 PM org.openqa.selenium.remote.ProtocolHandshake createSession
INFO: Detected dialect: OSS
</system-err>
  </testcase>
  <testcase classname="com.sbs.qa.testcases.OrderRentalTest" name="verifyOrderRentalTitle" time="0.08"/>
  <testcase classname="com.sbs.qa.testcases.RentalPageTest" name="verifyRentalPageTitle" time="0.168"/>
  <testcase classname="com.sbs.qa.testcases.HomePageTest" name="sbsLogoTest" time="10.2">
    <failure message="no such element: Unable to locate element: {&quot;method&quot;:&quot;xpath&quot;,&quot;selector&quot;:&quot;.//*[@id=&apos;PageContainer&apos;]/div/header/div/div/div[2]/div[1]/a/img&quot;}
  (Session info: chrome=63.0.3239.132)
  (Driver info: chromedriver=2.33.506120 (e3e53437346286c0bc2d2dc9aa4915ba81d9023f),platform=Windows NT 10.0.16299 x86_64) (WARNING: The server did not provide any stacktrace information)
Command duration or timeout: 0 milliseconds
For documentation on this error, please visit: http://seleniumhq.org/exceptions/no_such_element.html
Build info: version: &apos;3.5.1&apos;, revision: &apos;9c21bb67ef&apos;, time: &apos;2017-08-17T15:26:08.955Z&apos;
System info: host: &apos;DESKTOP-5HPM073&apos;, ip: &apos;172.29.99.241&apos;, os.name: &apos;Windows 10&apos;, os.arch: &apos;amd64&apos;, os.version: &apos;10.0&apos;, java.version: &apos;1.8.0_151&apos;
Driver info: org.openqa.selenium.chrome.ChromeDriver
Capabilities [{applicationCacheEnabled=false, rotatable=false, mobileEmulationEnabled=false, networkConnectionEnabled=false, chrome={chromedriverVersion=2.33.506120 (e3e53437346286c0bc2d2dc9aa4915ba81d9023f), userDataDir=C:\Users\eri01\AppData\Local\Temp\scoped_dir9928_18224}, takesHeapSnapshot=true, pageLoadStrategy=normal, unhandledPromptBehavior=, databaseEnabled=false, handlesAlerts=true, hasTouchScreen=false, version=63.0.3239.132, platform=XP, browserConnectionEnabled=false, nativeEvents=true, acceptSslCerts=true, locationContextEnabled=true, webStorageEnabled=true, browserName=chrome, takesScreenshot=true, javascriptEnabled=true, cssSelectorsEnabled=true, setWindowRect=true, unexpectedAlertBehaviour=}]
Session ID: 102323c4196ce2c4fc5b06f7b711f119
*** Element info: {Using=xpath, value=.//*[@id=&apos;PageContainer&apos;]/div/header/div/div/div[2]/div[1]/a/img}" type="org.openqa.selenium.NoSuchElementException">org.openqa.selenium.NoSuchElementException: no such element: Unable to locate element: {&quot;method&quot;:&quot;xpath&quot;,&quot;selector&quot;:&quot;.//*[@id=&apos;PageContainer&apos;]/div/header/div/div/div[2]/div[1]/a/img&quot;}
  (Session info: chrome=63.0.3239.132)
  (Driver info: chromedriver=2.33.506120 (e3e53437346286c0bc2d2dc9aa4915ba81d9023f),platform=Windows NT 10.0.16299 x86_64) (WARNING: The server did not provide any stacktrace information)
Command duration or timeout: 0 milliseconds
For documentation on this error, please visit: http://seleniumhq.org/exceptions/no_such_element.html
Build info: version: &apos;3.5.1&apos;, revision: &apos;9c21bb67ef&apos;, time: &apos;2017-08-17T15:26:08.955Z&apos;
System info: host: &apos;DESKTOP-5HPM073&apos;, ip: &apos;172.29.99.241&apos;, os.name: &apos;Windows 10&apos;, os.arch: &apos;amd64&apos;, os.version: &apos;10.0&apos;, java.version: &apos;1.8.0_151&apos;
Driver info: org.openqa.selenium.chrome.ChromeDriver
Capabilities [{applicationCacheEnabled=false, rotatable=false, mobileEmulationEnabled=false, networkConnectionEnabled=false, chrome={chromedriverVersion=2.33.506120 (e3e53437346286c0bc2d2dc9aa4915ba81d9023f), userDataDir=C:\Users\eri01\AppData\Local\Temp\scoped_dir9928_18224}, takesHeapSnapshot=true, pageLoadStrategy=normal, unhandledPromptBehavior=, databaseEnabled=false, handlesAlerts=true, hasTouchScreen=false, version=63.0.3239.132, platform=XP, browserConnectionEnabled=false, nativeEvents=true, acceptSslCerts=true, locationContextEnabled=true, webStorageEnabled=true, browserName=chrome, takesScreenshot=true, javascriptEnabled=true, cssSelectorsEnabled=true, setWindowRect=true, unexpectedAlertBehaviour=}]
Session ID: 102323c4196ce2c4fc5b06f7b711f119
*** Element info: {Using=xpath, value=.//*[@id=&apos;PageContainer&apos;]/div/header/div/div/div[2]/div[1]/a/img}
	at sun.reflect.NativeConstructorAccessorImpl.newInstance0(Native Method)
	at sun.reflect.NativeConstructorAccessorImpl.newInstance(NativeConstructorAccessorImpl.java:62)
	at sun.reflect.DelegatingConstructorAccessorImpl.newInstance(DelegatingConstructorAccessorImpl.java:45)
	at java.lang.reflect.Constructor.newInstance(Constructor.java:423)
	at org.openqa.selenium.remote.ErrorHandler.createThrowable(ErrorHandler.java:215)
	at org.openqa.selenium.remote.ErrorHandler.throwIfResponseFailed(ErrorHandler.java:167)
	at org.openqa.selenium.remote.http.JsonHttpResponseCodec.reconstructValue(JsonHttpResponseCodec.java:40)
	at org.openqa.selenium.remote.http.AbstractHttpResponseCodec.decode(AbstractHttpResponseCodec.java:82)
	at org.openqa.selenium.remote.http.AbstractHttpResponseCodec.decode(AbstractHttpResponseCodec.java:45)
	at org.openqa.selenium.remote.HttpCommandExecutor.execute(HttpCommandExecutor.java:164)
	at org.openqa.selenium.remote.service.DriverCommandExecutor.execute(DriverCommandExecutor.java:82)
	at org.openqa.selenium.remote.RemoteWebDriver.execute(RemoteWebDriver.java:641)
	at org.openqa.selenium.remote.RemoteWebDriver.findElement(RemoteWebDriver.java:414)
	at org.openqa.selenium.remote.RemoteWebDriver.findElementByXPath(RemoteWebDriver.java:513)
	at org.openqa.selenium.By$ByXPath.findElement(By.java:361)
	at org.openqa.selenium.remote.RemoteWebDriver.findElement(RemoteWebDriver.java:406)
	at sun.reflect.NativeMethodAccessorImpl.invoke0(Native Method)
	at sun.reflect.NativeMethodAccessorImpl.invoke(NativeMethodAccessorImpl.java:62)
	at sun.reflect.DelegatingMethodAccessorImpl.invoke(DelegatingMethodAccessorImpl.java:43)
	at java.lang.reflect.Method.invoke(Method.java:498)
	at org.openqa.selenium.support.events.EventFiringWebDriver$2.invoke(EventFiringWebDriver.java:105)
	at com.sun.proxy.$Proxy6.findElement(Unknown Source)
	at org.openqa.selenium.support.events.EventFiringWebDriver.findElement(EventFiringWebDriver.java:189)
	at org.openqa.selenium.support.pagefactory.DefaultElementLocator.findElement(DefaultElementLocator.java:69)
	at org.openqa.selenium.support.pagefactory.internal.LocatingElementHandler.invoke(LocatingElementHandler.java:38)
	at com.sun.proxy.$Proxy10.isDisplayed(Unknown Source)
	at com.sbs.qa.pages.HomePage.validateSBSImage(HomePage.java:38)
	at com.sbs.qa.testcases.HomePageTest.sbsLogoTest(HomePageTest.java:35)
</failure>
    <system-out>Before navigating to: &apos;https://www.spencerbrookstrings.com/&apos;
Navigated to:&apos;https://www.spencerbrookstrings.com/&apos;
Trying to find Element By : By.xpath: .//*[@id=&apos;PageContainer&apos;]/div/header/div/div/div[2]/div[1]/a/img
</system-out>
    <system-err>Starting ChromeDriver 2.33.506120 (e3e53437346286c0bc2d2dc9aa4915ba81d9023f) on port 22670
Only local connections are allowed.
Feb 12, 2018 11:00:51 PM org.openqa.selenium.remote.ProtocolHandshake createSession
INFO: Detected dialect: OSS
</system-err>
  </testcase>
  <testcase classname="com.sbs.qa.testcases.OrderRentalTest" name="verifyOrderRentalLabel" time="0.268">
    <failure message="expected [Order a rental label is missing on the page] but found [true]" type="java.lang.AssertionError">java.lang.AssertionError: expected [Order a rental label is missing on the page] but found [true]
	at org.testng.Assert.fail(Assert.java:94)
	at org.testng.Assert.failNotEquals(Assert.java:513)
	at org.testng.Assert.assertEqualsImpl(Assert.java:135)
	at org.testng.Assert.assertEquals(Assert.java:116)
	at org.testng.Assert.assertEquals(Assert.java:179)
	at com.sbs.qa.testcases.OrderRentalTest.verifyOrderRentalLabel(OrderRentalTest.java:43)
</failure>
    <system-out>Before navigating to: &apos;https://www.spencerbrookstrings.com/&apos;
Navigated to:&apos;https://www.spencerbrookstrings.com/&apos;
Trying to find Element By : By.xpath: .//*[@id=&apos;AccessibleNav&apos;]/li[2]/a
Found Element By : By.xpath: .//*[@id=&apos;AccessibleNav&apos;]/li[2]/a
Trying to click on: [[ChromeDriver: chrome on XP (1928b5a3659e620f5f583e19a101f34c)] -&gt; xpath: .//*[@id=&apos;AccessibleNav&apos;]/li[2]/a]
Clicked on: [[ChromeDriver: chrome on XP (1928b5a3659e620f5f583e19a101f34c)] -&gt; xpath: .//*[@id=&apos;AccessibleNav&apos;]/li[2]/a]
Trying to find Element By : By.xpath: .//*[@id=&apos;PageContainer&apos;]/main/div[1]/div/div/div/div/div/div[5]/div/div/div/div/a[1]
Found Element By : By.xpath: .//*[@id=&apos;PageContainer&apos;]/main/div[1]/div/div/div/div/div/div[5]/div/div/div/div/a[1]
Trying to click on: [[ChromeDriver: chrome on XP (1928b5a3659e620f5f583e19a101f34c)] -&gt; xpath: .//*[@id=&apos;PageContainer&apos;]/main/div[1]/div/div/div/div/div/div[5]/div/div/div/div/a[1]]
Clicked on: [[ChromeDriver: chrome on XP (1928b5a3659e620f5f583e19a101f34c)] -&gt; xpath: .//*[@id=&apos;PageContainer&apos;]/main/div[1]/div/div/div/div/div/div[5]/div/div/div/div/a[1]]
Trying to find Element By : By.xpath: .//*[@id=&apos;PageContainer&apos;]/main/div[1]/div/nav/span[2]
Found Element By : By.xpath: .//*[@id=&apos;PageContainer&apos;]/main/div[1]/div/nav/span[2]
</system-out>
    <system-err>Starting ChromeDriver 2.33.506120 (e3e53437346286c0bc2d2dc9aa4915ba81d9023f) on port 9000
Only local connections are allowed.
Feb 12, 2018 11:01:20 PM org.openqa.selenium.remote.ProtocolHandshake createSession
INFO: Detected dialect: OSS
</system-err>
  </testcase>
  <testcase classname="com.sbs.qa.testcases.RentalPageTest" name="verifyOrderRentalLink" time="3.568"/>
  <testcase classname="com.sbs.qa.testcases.HomePageTest" name="rentalsPageLinkTest" time="3.532"/>
  <testcase classname="com.sbs.qa.testcases.OrderRentalTest" name="selectInstrumentTypeTest" time="29.726"/>
  <testcase classname="com.sbs.qa.testcases.OrderRentalTest" name="selectInstrumentTypeTest" time="28.543">
    <failure message="Cannot locate option with value: Monthly :  $23
For documentation on this error, please visit: http://seleniumhq.org/exceptions/no_such_element.html
Build info: version: &apos;3.5.1&apos;, revision: &apos;9c21bb67ef&apos;, time: &apos;2017-08-17T15:26:08.955Z&apos;
System info: host: &apos;DESKTOP-5HPM073&apos;, ip: &apos;172.29.99.241&apos;, os.name: &apos;Windows 10&apos;, os.arch: &apos;amd64&apos;, os.version: &apos;10.0&apos;, java.version: &apos;1.8.0_151&apos;
Driver info: driver.version: unknown" type="org.openqa.selenium.NoSuchElementException">org.openqa.selenium.NoSuchElementException: Cannot locate option with value: Monthly :  $23
For documentation on this error, please visit: http://seleniumhq.org/exceptions/no_such_element.html
Build info: version: &apos;3.5.1&apos;, revision: &apos;9c21bb67ef&apos;, time: &apos;2017-08-17T15:26:08.955Z&apos;
System info: host: &apos;DESKTOP-5HPM073&apos;, ip: &apos;172.29.99.241&apos;, os.name: &apos;Windows 10&apos;, os.arch: &apos;amd64&apos;, os.version: &apos;10.0&apos;, java.version: &apos;1.8.0_151&apos;
Driver info: driver.version: unknown
	at org.openqa.selenium.support.ui.Select.selectByValue(Select.java:209)
	at com.sbs.qa.pages.OrderRental.selectInstrumentName(OrderRental.java:104)
	at com.sbs.qa.testcases.OrderRentalTest.selectInstrumentTypeTest(OrderRentalTest.java:57)
</failure>
    <system-out>Before navigating to: &apos;https://www.spencerbrookstrings.com/&apos;
Navigated to:&apos;https://www.spencerbrookstrings.com/&apos;
Trying to find Element By : By.xpath: .//*[@id=&apos;AccessibleNav&apos;]/li[2]/a
Found Element By : By.xpath: .//*[@id=&apos;AccessibleNav&apos;]/li[2]/a
Trying to click on: [[ChromeDriver: chrome on XP (be00397159b5c5239dbc93deff243ede)] -&gt; xpath: .//*[@id=&apos;AccessibleNav&apos;]/li[2]/a]
Clicked on: [[ChromeDriver: chrome on XP (be00397159b5c5239dbc93deff243ede)] -&gt; xpath: .//*[@id=&apos;AccessibleNav&apos;]/li[2]/a]
Trying to find Element By : By.xpath: .//*[@id=&apos;PageContainer&apos;]/main/div[1]/div/div/div/div/div/div[5]/div/div/div/div/a[1]
Found Element By : By.xpath: .//*[@id=&apos;PageContainer&apos;]/main/div[1]/div/div/div/div/div/div[5]/div/div/div/div/a[1]
Trying to click on: [[ChromeDriver: chrome on XP (be00397159b5c5239dbc93deff243ede)] -&gt; xpath: .//*[@id=&apos;PageContainer&apos;]/main/div[1]/div/div/div/div/div/div[5]/div/div/div/div/a[1]]
Clicked on: [[ChromeDriver: chrome on XP (be00397159b5c5239dbc93deff243ede)] -&gt; xpath: .//*[@id=&apos;PageContainer&apos;]/main/div[1]/div/div/div/div/div/div[5]/div/div/div/div/a[1]]
Trying to find Element By : By.id: 259692
Found Element By : By.id: 259692
Trying to find Element By : By.xpath: .//option[@value = &quot;School Program&quot;]
Found Element By : By.xpath: .//option[@value = &quot;School Program&quot;]
Trying to click on: [[[[ChromeDriver: chrome on XP (be00397159b5c5239dbc93deff243ede)] -&gt; id: 259692]] -&gt; xpath: .//option[@value = &quot;School Program&quot;]]
Clicked on: [[[[ChromeDriver: chrome on XP (be00397159b5c5239dbc93deff243ede)] -&gt; id: 259692]] -&gt; xpath: .//option[@value = &quot;School Program&quot;]]
Trying to find Element By : By.xpath: //*[contains(@value,&apos;Violin&apos;)]
Found Element By : By.xpath: //*[contains(@value,&apos;Violin&apos;)]
Trying to click on: [[ChromeDriver: chrome on XP (be00397159b5c5239dbc93deff243ede)] -&gt; xpath: //*[contains(@value,&apos;Violin&apos;)]]
Clicked on: [[ChromeDriver: chrome on XP (be00397159b5c5239dbc93deff243ede)] -&gt; xpath: //*[contains(@value,&apos;Violin&apos;)]]
Trying to find Element By : By.xpath: //*[contains(@value,&apos;1/8&apos;)]
Found Element By : By.xpath: //*[contains(@value,&apos;1/8&apos;)]
Trying to click on: [[ChromeDriver: chrome on XP (be00397159b5c5239dbc93deff243ede)] -&gt; xpath: //*[contains(@value,&apos;1/8&apos;)]]
Clicked on: [[ChromeDriver: chrome on XP (be00397159b5c5239dbc93deff243ede)] -&gt; xpath: //*[contains(@value,&apos;1/8&apos;)]]
Trying to find Element By : By.xpath: .//*[@id=&apos;259692&apos;]
Found Element By : By.xpath: .//*[@id=&apos;259692&apos;]
Trying to click on: [[ChromeDriver: chrome on XP (be00397159b5c5239dbc93deff243ede)] -&gt; xpath: .//*[@id=&apos;259692&apos;]]
Clicked on: [[ChromeDriver: chrome on XP (be00397159b5c5239dbc93deff243ede)] -&gt; xpath: .//*[@id=&apos;259692&apos;]]
Trying to find Element By : By.xpath: //*[contains(@value, &apos;Kun shoulder rest | $ 24.00&apos;)]
Found Element By : By.xpath: //*[contains(@value, &apos;Kun shoulder rest | $ 24.00&apos;)]
Trying to click on: [[ChromeDriver: chrome on XP (be00397159b5c5239dbc93deff243ede)] -&gt; xpath: //*[contains(@value, &apos;Kun shoulder rest | $ 24.00&apos;)]]
Clicked on: [[ChromeDriver: chrome on XP (be00397159b5c5239dbc93deff243ede)] -&gt; xpath: //*[contains(@value, &apos;Kun shoulder rest | $ 24.00&apos;)]]
Trying to find Element By : By.id: 259696
Found Element By : By.id: 259696
Trying to find Element By : By.xpath: .//option[@value = &quot;Standard&quot;]
Found Element By : By.xpath: .//option[@value = &quot;Standard&quot;]
Trying to click on: [[[[ChromeDriver: chrome on XP (be00397159b5c5239dbc93deff243ede)] -&gt; id: 259696]] -&gt; xpath: .//option[@value = &quot;Standard&quot;]]
Clicked on: [[[[ChromeDriver: chrome on XP (be00397159b5c5239dbc93deff243ede)] -&gt; id: 259696]] -&gt; xpath: .//option[@value = &quot;Standard&quot;]]
Trying to find Element By : By.id: 259697
Found Element By : By.id: 259697
Trying to find Element By : By.xpath: .//option[@value = &quot;Monthly :  $23&quot;]
Found Element By : By.xpath: .//option[@value = &quot;Monthly :  $23&quot;]
</system-out>
    <system-err>Starting ChromeDriver 2.33.506120 (e3e53437346286c0bc2d2dc9aa4915ba81d9023f) on port 22711
Only local connections are allowed.
Feb 12, 2018 11:03:30 PM org.openqa.selenium.remote.ProtocolHandshake createSession
INFO: Detected dialect: OSS
</system-err>
  </testcase>
  <testcase classname="com.sbs.qa.testcases.RentalPageTest" name="verifyRentalPagelable" time="1.81"/>
</testsuite>