<?xml version="1.0" encoding="UTF-8"?>
<testng-results skipped="0" failed="1" total="2" passed="1">
  <reporter-output>
  </reporter-output>
  <suite name="Default suite" duration-ms="125398" started-at="2018-02-12T15:50:34Z" finished-at="2018-02-12T15:52:40Z">
    <groups>
    </groups>
    <test name="Default test" duration-ms="125398" started-at="2018-02-12T15:50:34Z" finished-at="2018-02-12T15:52:40Z">
      <class name="com.sbs.qa.testcases.OrderRentalTest">
        <test-method status="PASS" signature="setUp()[pri:0, instance:com.sbs.qa.testcases.OrderRentalTest@589838eb]" name="setUp" is-config="true" duration-ms="40430" started-at="2018-02-12T10:50:38Z" finished-at="2018-02-12T10:51:19Z">
          <reporter-output>
          </reporter-output>
        </test-method> <!-- setUp -->
        <test-method status="PASS" signature="selectInstrumentTypeTest(java.lang.String, java.lang.String, java.lang.String, java.lang.String, java.lang.String, java.lang.String, java.lang.String, java.lang.String, java.lang.String, java.lang.String, java.lang.String, java.lang.String, java.lang.String, java.lang.String)[pri:1, instance:com.sbs.qa.testcases.OrderRentalTest@589838eb]" name="selectInstrumentTypeTest" duration-ms="28292" started-at="2018-02-12T10:51:19Z" data-provider="getTestData" finished-at="2018-02-12T10:51:47Z">
          <params>
            <param index="0">
              <value>
                <![CDATA[School Program]]>
              </value>
            </param>
            <param index="1">
              <value>
                <![CDATA[Violin]]>
              </value>
            </param>
            <param index="2">
              <value>
                <![CDATA[1/6]]>
              </value>
            </param>
            <param index="3">
              <value>
                <![CDATA[Kun shoulder rest | $ 24.00]]>
              </value>
            </param>
            <param index="4">
              <value>
                <![CDATA[Standard]]>
              </value>
            </param>
            <param index="5">
              <value>
                <![CDATA[Yearly : $234]]>
              </value>
            </param>
            <param index="6">
              <value>
                <![CDATA[BEDFORD, MA (01730)]]>
              </value>
            </param>
            <param index="7">
              <value>
                <![CDATA[Ramu]]>
              </value>
            </param>
            <param index="8">
              <value>
                <![CDATA[Nepali]]>
              </value>
            </param>
            <param index="9">
              <value>
                <![CDATA[five]]>
              </value>
            </param>
            <param index="10">
              <value>
                <![CDATA[Nasobha Valley]]>
              </value>
            </param>
            <param index="11">
              <value>
                <![CDATA[Valerie]]>
              </value>
            </param>
            <param index="12">
              <value>
                <![CDATA[Tucker]]>
              </value>
            </param>
            <param index="13">
              <value>
                <![CDATA[a@gmail.com]]>
              </value>
            </param>
          </params>
          <reporter-output>
          </reporter-output>
        </test-method> <!-- selectInstrumentTypeTest -->
        <test-method status="PASS" signature="tearDown()[pri:0, instance:com.sbs.qa.testcases.OrderRentalTest@589838eb]" name="tearDown" is-config="true" duration-ms="954" started-at="2018-02-12T10:51:47Z" finished-at="2018-02-12T10:51:48Z">
          <reporter-output>
          </reporter-output>
        </test-method> <!-- tearDown -->
        <test-method status="PASS" signature="setUp()[pri:0, instance:com.sbs.qa.testcases.OrderRentalTest@589838eb]" name="setUp" is-config="true" duration-ms="22120" started-at="2018-02-12T10:51:48Z" finished-at="2018-02-12T10:52:10Z">
          <reporter-output>
          </reporter-output>
        </test-method> <!-- setUp -->
        <test-method status="FAIL" signature="selectInstrumentTypeTest(java.lang.String, java.lang.String, java.lang.String, java.lang.String, java.lang.String, java.lang.String, java.lang.String, java.lang.String, java.lang.String, java.lang.String, java.lang.String, java.lang.String, java.lang.String, java.lang.String)[pri:1, instance:com.sbs.qa.testcases.OrderRentalTest@589838eb]" name="selectInstrumentTypeTest" duration-ms="28028" started-at="2018-02-12T10:52:10Z" data-provider="getTestData" finished-at="2018-02-12T10:52:38Z">
          <params>
            <param index="0">
              <value>
                <![CDATA[School Program]]>
              </value>
            </param>
            <param index="1">
              <value>
                <![CDATA[Violin]]>
              </value>
            </param>
            <param index="2">
              <value>
                <![CDATA[1/8]]>
              </value>
            </param>
            <param index="3">
              <value>
                <![CDATA[Kun shoulder rest | $ 24.00]]>
              </value>
            </param>
            <param index="4">
              <value>
                <![CDATA[Standard]]>
              </value>
            </param>
            <param index="5">
              <value>
                <![CDATA[Monthly :  $23]]>
              </value>
            </param>
            <param index="6">
              <value>
                <![CDATA[BEDFORD, MA (01730)]]>
              </value>
            </param>
            <param index="7">
              <value>
                <![CDATA[Shyam]]>
              </value>
            </param>
            <param index="8">
              <value>
                <![CDATA[Shrestha]]>
              </value>
            </param>
            <param index="9">
              <value>
                <![CDATA[four]]>
              </value>
            </param>
            <param index="10">
              <value>
                <![CDATA[Acton Public School]]>
              </value>
            </param>
            <param index="11">
              <value>
                <![CDATA[Paul]]>
              </value>
            </param>
            <param index="12">
              <value>
                <![CDATA[leder]]>
              </value>
            </param>
            <param index="13">
              <value>
                <![CDATA[b@gmail.com]]>
              </value>
            </param>
          </params>
          <exception class="org.openqa.selenium.NoSuchElementException">
            <message>
              <![CDATA[Cannot locate option with value: Monthly :  $23
For documentation on this error, please visit: http://seleniumhq.org/exceptions/no_such_element.html
Build info: version: '3.7.0', revision: '2321c73', time: '2017-11-02T22:12:12.411Z'
System info: host: 'DESKTOP-5HPM073', ip: '172.29.99.241', os.name: 'Windows 10', os.arch: 'amd64', os.version: '10.0', java.version: '1.8.0_151'
Driver info: driver.version: unknown]]>
            </message>
            <full-stacktrace>
              <![CDATA[org.openqa.selenium.NoSuchElementException: Cannot locate option with value: Monthly :  $23
For documentation on this error, please visit: http://seleniumhq.org/exceptions/no_such_element.html
Build info: version: '3.7.0', revision: '2321c73', time: '2017-11-02T22:12:12.411Z'
System info: host: 'DESKTOP-5HPM073', ip: '172.29.99.241', os.name: 'Windows 10', os.arch: 'amd64', os.version: '10.0', java.version: '1.8.0_151'
Driver info: driver.version: unknown
	at org.openqa.selenium.support.ui.Select.selectByValue(Select.java:209)
	at com.sbs.qa.pages.OrderRental.selectInstrumentName(OrderRental.java:104)
	at com.sbs.qa.testcases.OrderRentalTest.selectInstrumentTypeTest(OrderRentalTest.java:62)
	at sun.reflect.NativeMethodAccessorImpl.invoke0(Native Method)
	at sun.reflect.NativeMethodAccessorImpl.invoke(NativeMethodAccessorImpl.java:62)
	at sun.reflect.DelegatingMethodAccessorImpl.invoke(DelegatingMethodAccessorImpl.java:43)
	at java.lang.reflect.Method.invoke(Method.java:498)
	at org.testng.internal.MethodInvocationHelper.invokeMethod(MethodInvocationHelper.java:86)
	at org.testng.internal.Invoker.invokeMethod(Invoker.java:643)
	at org.testng.internal.Invoker.invokeTestMethod(Invoker.java:820)
	at org.testng.internal.Invoker.invokeTestMethods(Invoker.java:1128)
	at org.testng.internal.TestMethodWorker.invokeTestMethods(TestMethodWorker.java:129)
	at org.testng.internal.TestMethodWorker.run(TestMethodWorker.java:112)
	at org.testng.TestRunner.privateRun(TestRunner.java:782)
	at org.testng.TestRunner.run(TestRunner.java:632)
	at org.testng.SuiteRunner.runTest(SuiteRunner.java:366)
	at org.testng.SuiteRunner.runSequentially(SuiteRunner.java:361)
	at org.testng.SuiteRunner.privateRun(SuiteRunner.java:319)
	at org.testng.SuiteRunner.run(SuiteRunner.java:268)
	at org.testng.SuiteRunnerWorker.runSuite(SuiteRunnerWorker.java:52)
	at org.testng.SuiteRunnerWorker.run(SuiteRunnerWorker.java:86)
	at org.testng.TestNG.runSuitesSequentially(TestNG.java:1244)
	at org.testng.TestNG.runSuitesLocally(TestNG.java:1169)
	at org.testng.TestNG.run(TestNG.java:1064)
	at org.testng.remote.AbstractRemoteTestNG.run(AbstractRemoteTestNG.java:114)
	at org.testng.remote.RemoteTestNG.initAndRun(RemoteTestNG.java:251)
	at org.testng.remote.RemoteTestNG.main(RemoteTestNG.java:77)
]]>
            </full-stacktrace>
          </exception> <!-- org.openqa.selenium.NoSuchElementException -->
          <reporter-output>
          </reporter-output>
        </test-method> <!-- selectInstrumentTypeTest -->
        <test-method status="PASS" signature="tearDown()[pri:0, instance:com.sbs.qa.testcases.OrderRentalTest@589838eb]" name="tearDown" is-config="true" duration-ms="1808" started-at="2018-02-12T10:52:38Z" finished-at="2018-02-12T10:52:40Z">
          <reporter-output>
          </reporter-output>
        </test-method> <!-- tearDown -->
      </class> <!-- com.sbs.qa.testcases.OrderRentalTest -->
    </test> <!-- Default test -->
  </suite> <!-- Default suite -->
</testng-results>
